  Collision.cpp
C:\Users\gabit\OneDrive\Desktop\SDL_C++ Game\try_no_2\try_no_2\Evolution.h(31,20): warning C4244: '=': conversion from 'float' to '_Ty1', possible loss of data
          with
          [
              _Ty1=int
          ]
C:\Users\gabit\OneDrive\Desktop\SDL_C++ Game\try_no_2\try_no_2\Evolution.h(32,21): warning C4244: '=': conversion from 'float' to '_Ty2', possible loss of data
          with
          [
              _Ty2=int
          ]
C:\Users\gabit\OneDrive\Desktop\SDL_C++ Game\try_no_2\try_no_2\Evolution.h(44,20): warning C4244: '=': conversion from 'float' to '_Ty1', possible loss of data
          with
          [
              _Ty1=int
          ]
C:\Users\gabit\OneDrive\Desktop\SDL_C++ Game\try_no_2\try_no_2\Evolution.h(45,21): warning C4244: '=': conversion from 'float' to '_Ty2', possible loss of data
          with
          [
              _Ty2=int
          ]
C:\Users\gabit\OneDrive\Desktop\SDL_C++ Game\try_no_2\try_no_2\Evolution.h(59,1): warning C4244: '+=': conversion from 'float' to '_Ty1', possible loss of data
          with
          [
              _Ty1=int
          ]
C:\Users\gabit\OneDrive\Desktop\SDL_C++ Game\try_no_2\try_no_2\Evolution.h(60,1): warning C4244: '+=': conversion from 'float' to '_Ty2', possible loss of data
          with
          [
              _Ty2=int
          ]
  Entity.cpp
C:\Users\gabit\OneDrive\Desktop\SDL_C++ Game\try_no_2\try_no_2\Evolution.h(31,20): warning C4244: '=': conversion from 'float' to '_Ty1', possible loss of data
          with
          [
              _Ty1=int
          ]
C:\Users\gabit\OneDrive\Desktop\SDL_C++ Game\try_no_2\try_no_2\Evolution.h(32,21): warning C4244: '=': conversion from 'float' to '_Ty2', possible loss of data
          with
          [
              _Ty2=int
          ]
C:\Users\gabit\OneDrive\Desktop\SDL_C++ Game\try_no_2\try_no_2\Evolution.h(44,20): warning C4244: '=': conversion from 'float' to '_Ty1', possible loss of data
          with
          [
              _Ty1=int
          ]
C:\Users\gabit\OneDrive\Desktop\SDL_C++ Game\try_no_2\try_no_2\Evolution.h(45,21): warning C4244: '=': conversion from 'float' to '_Ty2', possible loss of data
          with
          [
              _Ty2=int
          ]
C:\Users\gabit\OneDrive\Desktop\SDL_C++ Game\try_no_2\try_no_2\Evolution.h(59,1): warning C4244: '+=': conversion from 'float' to '_Ty1', possible loss of data
          with
          [
              _Ty1=int
          ]
C:\Users\gabit\OneDrive\Desktop\SDL_C++ Game\try_no_2\try_no_2\Evolution.h(60,1): warning C4244: '+=': conversion from 'float' to '_Ty2', possible loss of data
          with
          [
              _Ty2=int
          ]
  game.cpp
C:\Users\gabit\OneDrive\Desktop\SDL_C++ Game\try_no_2\try_no_2\Evolution.h(31,20): warning C4244: '=': conversion from 'float' to '_Ty1', possible loss of data
          with
          [
              _Ty1=int
          ]
C:\Users\gabit\OneDrive\Desktop\SDL_C++ Game\try_no_2\try_no_2\Evolution.h(32,21): warning C4244: '=': conversion from 'float' to '_Ty2', possible loss of data
          with
          [
              _Ty2=int
          ]
C:\Users\gabit\OneDrive\Desktop\SDL_C++ Game\try_no_2\try_no_2\Evolution.h(44,20): warning C4244: '=': conversion from 'float' to '_Ty1', possible loss of data
          with
          [
              _Ty1=int
          ]
C:\Users\gabit\OneDrive\Desktop\SDL_C++ Game\try_no_2\try_no_2\Evolution.h(45,21): warning C4244: '=': conversion from 'float' to '_Ty2', possible loss of data
          with
          [
              _Ty2=int
          ]
C:\Users\gabit\OneDrive\Desktop\SDL_C++ Game\try_no_2\try_no_2\Evolution.h(59,1): warning C4244: '+=': conversion from 'float' to '_Ty1', possible loss of data
          with
          [
              _Ty1=int
          ]
C:\Users\gabit\OneDrive\Desktop\SDL_C++ Game\try_no_2\try_no_2\Evolution.h(60,1): warning C4244: '+=': conversion from 'float' to '_Ty2', possible loss of data
          with
          [
              _Ty2=int
          ]
  main.cpp
  Map.cpp
C:\Users\gabit\OneDrive\Desktop\SDL_C++ Game\try_no_2\try_no_2\Evolution.h(31,20): warning C4244: '=': conversion from 'float' to '_Ty1', possible loss of data
          with
          [
              _Ty1=int
          ]
C:\Users\gabit\OneDrive\Desktop\SDL_C++ Game\try_no_2\try_no_2\Evolution.h(32,21): warning C4244: '=': conversion from 'float' to '_Ty2', possible loss of data
          with
          [
              _Ty2=int
          ]
C:\Users\gabit\OneDrive\Desktop\SDL_C++ Game\try_no_2\try_no_2\Evolution.h(44,20): warning C4244: '=': conversion from 'float' to '_Ty1', possible loss of data
          with
          [
              _Ty1=int
          ]
C:\Users\gabit\OneDrive\Desktop\SDL_C++ Game\try_no_2\try_no_2\Evolution.h(45,21): warning C4244: '=': conversion from 'float' to '_Ty2', possible loss of data
          with
          [
              _Ty2=int
          ]
C:\Users\gabit\OneDrive\Desktop\SDL_C++ Game\try_no_2\try_no_2\Evolution.h(59,1): warning C4244: '+=': conversion from 'float' to '_Ty1', possible loss of data
          with
          [
              _Ty1=int
          ]
C:\Users\gabit\OneDrive\Desktop\SDL_C++ Game\try_no_2\try_no_2\Evolution.h(60,1): warning C4244: '+=': conversion from 'float' to '_Ty2', possible loss of data
          with
          [
              _Ty2=int
          ]
  Texture.cpp
  Generating code
  Previous IPDB not found, fall back to full compilation.
  All 496 functions were compiled because no usable IPDB/IOBJ from previous compilation was found.
  Finished generating code
  try_no_2.vcxproj -> C:\Users\gabit\OneDrive\Desktop\SDL_C++ Game\try_no_2\x64\Release\Arcade_Hero_Game.exe
